{"/Users/johnie/dev/experiments/free_courses/cli/config/constants.ts": {"path":"/Users/johnie/dev/experiments/free_courses/cli/config/constants.ts","all":false,"statementMap":{"0":{"start":{"line":1,"column":0},"end":{"line":1,"column":69}}},"s":{"0":1},"branchMap":{},"b":{},"fnMap":{},"f":{}}
,"/Users/johnie/dev/experiments/free_courses/cli/lib/content.ts": {"path":"/Users/johnie/dev/experiments/free_courses/cli/lib/content.ts","all":false,"statementMap":{"0":{"start":{"line":1,"column":0},"end":{"line":1,"column":50}},"1":{"start":{"line":2,"column":0},"end":{"line":2,"column":52}},"2":{"start":{"line":3,"column":0},"end":{"line":3,"column":0}},"3":{"start":{"line":4,"column":0},"end":{"line":4,"column":20}},"4":{"start":{"line":5,"column":0},"end":{"line":5,"column":17}},"5":{"start":{"line":6,"column":0},"end":{"line":6,"column":18}},"6":{"start":{"line":7,"column":0},"end":{"line":7,"column":2}},"7":{"start":{"line":8,"column":0},"end":{"line":8,"column":0}},"8":{"start":{"line":9,"column":0},"end":{"line":9,"column":74}},"9":{"start":{"line":10,"column":0},"end":{"line":10,"column":14}},"10":{"start":{"line":11,"column":0},"end":{"line":11,"column":40}},"11":{"start":{"line":12,"column":0},"end":{"line":12,"column":3}},"12":{"start":{"line":13,"column":0},"end":{"line":13,"column":17}},"13":{"start":{"line":14,"column":0},"end":{"line":14,"column":2}},"14":{"start":{"line":15,"column":0},"end":{"line":15,"column":0}},"15":{"start":{"line":16,"column":0},"end":{"line":16,"column":75}},"16":{"start":{"line":17,"column":0},"end":{"line":17,"column":70}},"17":{"start":{"line":18,"column":0},"end":{"line":18,"column":20}},"18":{"start":{"line":19,"column":0},"end":{"line":19,"column":2}},"19":{"start":{"line":20,"column":0},"end":{"line":20,"column":0}},"20":{"start":{"line":21,"column":0},"end":{"line":21,"column":77}},"21":{"start":{"line":22,"column":0},"end":{"line":22,"column":45}},"22":{"start":{"line":23,"column":0},"end":{"line":23,"column":14}},"23":{"start":{"line":24,"column":0},"end":{"line":24,"column":37}},"24":{"start":{"line":25,"column":0},"end":{"line":25,"column":3}},"25":{"start":{"line":26,"column":0},"end":{"line":26,"column":14}},"26":{"start":{"line":27,"column":0},"end":{"line":27,"column":2}},"27":{"start":{"line":28,"column":0},"end":{"line":28,"column":0}},"28":{"start":{"line":29,"column":0},"end":{"line":29,"column":82}},"29":{"start":{"line":30,"column":0},"end":{"line":30,"column":37}},"30":{"start":{"line":31,"column":0},"end":{"line":31,"column":16}},"31":{"start":{"line":32,"column":0},"end":{"line":32,"column":39}},"32":{"start":{"line":33,"column":0},"end":{"line":33,"column":3}},"33":{"start":{"line":34,"column":0},"end":{"line":34,"column":47}},"34":{"start":{"line":35,"column":0},"end":{"line":35,"column":42}},"35":{"start":{"line":36,"column":0},"end":{"line":36,"column":2}}},"s":{"0":1,"1":1,"2":1,"3":1,"4":1,"5":1,"6":1,"7":1,"8":1,"9":2,"10":1,"11":1,"12":1,"13":1,"14":1,"15":1,"16":2,"17":2,"18":2,"19":1,"20":1,"21":4,"22":4,"23":0,"24":0,"25":2,"26":2,"27":1,"28":1,"29":2,"30":2,"31":0,"32":0,"33":1,"34":1,"35":1},"branchMap":{"0":{"type":"branch","line":9,"loc":{"start":{"line":9,"column":28},"end":{"line":14,"column":2}},"locations":[{"start":{"line":9,"column":28},"end":{"line":14,"column":2}}]},"1":{"type":"branch","line":10,"loc":{"start":{"line":10,"column":13},"end":{"line":14,"column":2}},"locations":[{"start":{"line":10,"column":13},"end":{"line":14,"column":2}}]},"2":{"type":"branch","line":16,"loc":{"start":{"line":16,"column":30},"end":{"line":19,"column":2}},"locations":[{"start":{"line":16,"column":30},"end":{"line":19,"column":2}}]},"3":{"type":"branch","line":21,"loc":{"start":{"line":21,"column":23},"end":{"line":27,"column":2}},"locations":[{"start":{"line":21,"column":23},"end":{"line":27,"column":2}}]},"4":{"type":"branch","line":22,"loc":{"start":{"line":22,"column":43},"end":{"line":23,"column":13}},"locations":[{"start":{"line":22,"column":43},"end":{"line":23,"column":13}}]},"5":{"type":"branch","line":23,"loc":{"start":{"line":23,"column":13},"end":{"line":25,"column":3}},"locations":[{"start":{"line":23,"column":13},"end":{"line":25,"column":3}}]},"6":{"type":"branch","line":25,"loc":{"start":{"line":25,"column":2},"end":{"line":27,"column":2}},"locations":[{"start":{"line":25,"column":2},"end":{"line":27,"column":2}}]},"7":{"type":"branch","line":29,"loc":{"start":{"line":29,"column":28},"end":{"line":36,"column":2}},"locations":[{"start":{"line":29,"column":28},"end":{"line":36,"column":2}}]},"8":{"type":"branch","line":30,"loc":{"start":{"line":30,"column":35},"end":{"line":31,"column":15}},"locations":[{"start":{"line":30,"column":35},"end":{"line":31,"column":15}}]},"9":{"type":"branch","line":31,"loc":{"start":{"line":31,"column":15},"end":{"line":33,"column":3}},"locations":[{"start":{"line":31,"column":15},"end":{"line":33,"column":3}}]},"10":{"type":"branch","line":33,"loc":{"start":{"line":33,"column":2},"end":{"line":36,"column":2}},"locations":[{"start":{"line":33,"column":2},"end":{"line":36,"column":2}}]}},"b":{"0":[2],"1":[1],"2":[2],"3":[4],"4":[2],"5":[0],"6":[2],"7":[2],"8":[1],"9":[0],"10":[1]},"fnMap":{"0":{"name":"buildContent","decl":{"start":{"line":9,"column":28},"end":{"line":14,"column":2}},"loc":{"start":{"line":9,"column":28},"end":{"line":14,"column":2}},"line":9},"1":{"name":"replaceContent","decl":{"start":{"line":16,"column":30},"end":{"line":19,"column":2}},"loc":{"start":{"line":16,"column":30},"end":{"line":19,"column":2}},"line":16},"2":{"name":"getFile","decl":{"start":{"line":21,"column":23},"end":{"line":27,"column":2}},"loc":{"start":{"line":21,"column":23},"end":{"line":27,"column":2}},"line":21},"3":{"name":"updateReadme","decl":{"start":{"line":29,"column":28},"end":{"line":36,"column":2}},"loc":{"start":{"line":29,"column":28},"end":{"line":36,"column":2}},"line":29}},"f":{"0":2,"1":2,"2":4,"3":2}}
}
